[0.006s] Invoking command in '/home/eugene/source/lidar_odometry_ros_wrapper/build/lidar_odometry_ros': CMAKE_PREFIX_PATH=${CMAKE_PREFIX_PATH}:/opt/ros/humble /usr/bin/cmake --build /home/eugene/source/lidar_odometry_ros_wrapper/build/lidar_odometry_ros -- -j28 -l28
[0.090s] [ 93%] Built target ceres
[0.105s] [35m[1mConsolidate compiler generated dependencies of target lidar_odometry_node[0m
[0.132s] [ 93%] [32mBuilding CXX object CMakeFiles/lidar_odometry_node.dir/src/lidar_odometry_ros.cpp.o[0m
[2.871s] [01m[K/home/eugene/source/lidar_odometry_ros_wrapper/src/lidar_odometry_ros.cpp:[m[K In member function â€˜[01m[Kvoid LidarOdometryRosWrapper::publish_features(const SharedPtr&)[m[Kâ€™:
[2.872s] [01m[K/home/eugene/source/lidar_odometry_ros_wrapper/src/lidar_odometry_ros.cpp:275:42:[m[K [01;31m[Kerror: [m[Kâ€˜[01m[Kusing element_type = class lidar_odometry::processing::Estimator[m[Kâ€™ {aka â€˜[01m[Kclass lidar_odometry::processing::Estimator[m[Kâ€™} has no member named â€˜[01m[Kget_feature_points[m[Kâ€™
[2.872s]   275 |         auto feature_cloud = estimator_->[01;31m[Kget_feature_points[m[K();
[2.872s]       |                                          [01;31m[K^~~~~~~~~~~~~~~~~~[m[K
[5.169s] gmake[2]: *** [CMakeFiles/lidar_odometry_node.dir/build.make:76: CMakeFiles/lidar_odometry_node.dir/src/lidar_odometry_ros.cpp.o] ì˜¤ë¥˜ 1
[5.169s] gmake[1]: *** [CMakeFiles/Makefile2:168: CMakeFiles/lidar_odometry_node.dir/all] ì˜¤ë¥˜ 2
[5.169s] gmake: *** [Makefile:146: all] ì˜¤ë¥˜ 2
[5.171s] Invoked command in '/home/eugene/source/lidar_odometry_ros_wrapper/build/lidar_odometry_ros' returned '2': CMAKE_PREFIX_PATH=${CMAKE_PREFIX_PATH}:/opt/ros/humble /usr/bin/cmake --build /home/eugene/source/lidar_odometry_ros_wrapper/build/lidar_odometry_ros -- -j28 -l28
